<?xml version="1.0" encoding="UTF-8"?>
<!-- Generated by org.testng.reporters.JUnitReportReporter -->
<testsuite hostname="ASDP1732PO02529" name="com.qait.demo.tests.TestClass" tests="1" failures="0" timestamp="20 Jul 2017 10:28:03 GMT" time="4.990" errors="0">
  <testcase name="verifyUserCanSuccessfullyLogin" time="4.990" classname="com.qait.demo.tests.TestClass"/>
</testsuite> <!-- com.qait.demo.tests.TestClass -->
